<?xml version="1.0" encoding="UTF-8"?>
<!-- Generated by org.testng.reporters.JUnitReportReporter -->
<testsuite hostname="DESKTOP-U5B1BD3" failures="0" tests="2" name="linkdin.rougt_work" time="2.280" errors="0" timestamp="2023-05-17T11:41:31 IST" skipped="0">
  <testcase classname="linkdin.rougt_work" name="nex" time="0.234"/>
  <system-out/>
  <testcase classname="linkdin.rougt_work" name="lin" time="2.046"/>
  <system-out/>
</testsuite> <!-- linkdin.rougt_work -->
